Virtual User Script started at: 12/19/2021 12:30:59
Starting action vuser_init.
Ending action vuser_init.
Running Vuser...
Starting iteration 1.
Starting action VerifyCADES_UNEP_simple.
VerifyCADES_UNEP_simple.c(3): web_cache_cleanup started  	[MsgId: MMSG-26355]
VerifyCADES_UNEP_simple.c(3): web_cache_cleanup was successful  	[MsgId: MMSG-26392]
VerifyCADES_UNEP_simple.c(4): web_cleanup_auto_headers started  	[MsgId: MMSG-26355]
VerifyCADES_UNEP_simple.c(4): web_cleanup_auto_headers was successful  	[MsgId: MMSG-26392]
VerifyCADES_UNEP_simple.c(5): web_cleanup_cookies started  	[MsgId: MMSG-26355]
VerifyCADES_UNEP_simple.c(5): web_cleanup_cookies was successful  	[MsgId: MMSG-26392]
VerifyCADES_UNEP_simple.c(7): C:\LR_DATA_UNEP\300k/VerifyCADES_simple_21.xml
VerifyCADES_UNEP_simple.c(10): Use file: {VerifyCADES_simple_file}
VerifyCADES_UNEP_simple.c(14): Notify: Transaction "VerifyCADES_simple" started.
VerifyCADES_UNEP_simple.c(15): SOAP request "VerifyCADES_simple" started
VerifyCADES_UNEP_simple.c(15): SOAP request "VerifyCADES_simple" was successful
VerifyCADES_UNEP_simple.c(31): Notify: Transaction "VerifyCADES_simple" ended with a "Pass" status (Duration: 0.4088 Wasted Time: 0.0440).
Ending action VerifyCADES_UNEP_simple.
Ending iteration 1.
Warning: Iteration pacing cannot be reached (pace time = 0.40, actual time = 0.56).
Starting iteration 2.
Starting action VerifyXAdES_UNEP_simple.
VerifyXAdES_UNEP_simple.c(3): web_cache_cleanup started  	[MsgId: MMSG-26355]
VerifyXAdES_UNEP_simple.c(3): web_cache_cleanup was successful  	[MsgId: MMSG-26392]
VerifyXAdES_UNEP_simple.c(4): web_cleanup_auto_headers started  	[MsgId: MMSG-26355]
VerifyXAdES_UNEP_simple.c(4): web_cleanup_auto_headers was successful  	[MsgId: MMSG-26392]
VerifyXAdES_UNEP_simple.c(5): web_cleanup_cookies started  	[MsgId: MMSG-26355]
VerifyXAdES_UNEP_simple.c(5): web_cleanup_cookies was successful  	[MsgId: MMSG-26392]
VerifyXAdES_UNEP_simple.c(7): C:\LR_DATA_UNEP\300k/VerifyXAdES_simple_86.xml
VerifyXAdES_UNEP_simple.c(10): Use file: {VerifyXAdES_simple_file}
VerifyXAdES_UNEP_simple.c(14): Notify: Transaction "VerifyXAdES_simple" started.
VerifyXAdES_UNEP_simple.c(15): SOAP request "VerifyXAdES_simple" started
VerifyXAdES_UNEP_simple.c(15): SOAP request "VerifyXAdES_simple" was successful
VerifyXAdES_UNEP_simple.c(31): Notify: Transaction "VerifyXAdES_simple" ended with a "Pass" status (Duration: 0.4369 Wasted Time: 0.0048).
Ending action VerifyXAdES_UNEP_simple.
Ending iteration 2.
Warning: Iteration pacing cannot be reached (pace time = 0.40, actual time = 0.58).
Starting iteration 3.
Starting action VerifyCADES_UNEP_withSignedReport.
VerifyCADES_UNEP_withSignedReport.c(3): web_cache_cleanup started  	[MsgId: MMSG-26355]
VerifyCADES_UNEP_withSignedReport.c(3): web_cache_cleanup was successful  	[MsgId: MMSG-26392]
VerifyCADES_UNEP_withSignedReport.c(4): web_cleanup_auto_headers started  	[MsgId: MMSG-26355]
VerifyCADES_UNEP_withSignedReport.c(4): web_cleanup_auto_headers was successful  	[MsgId: MMSG-26392]
VerifyCADES_UNEP_withSignedReport.c(5): web_cleanup_cookies started  	[MsgId: MMSG-26355]
VerifyCADES_UNEP_withSignedReport.c(5): web_cleanup_cookies was successful  	[MsgId: MMSG-26392]
VerifyCADES_UNEP_withSignedReport.c(7): C:\LR_DATA_UNEP\300k/VerifyCADES_withSignedReport_38.xml
VerifyCADES_UNEP_withSignedReport.c(10): Use file: {VerifyCADES_withSignedReport_file}
VerifyCADES_UNEP_withSignedReport.c(14): Notify: Transaction "VerifyCADES_withSignedReport" started.
VerifyCADES_UNEP_withSignedReport.c(15): SOAP request "VerifyCADES_withSignedReport" started
VerifyCADES_UNEP_withSignedReport.c(15): SOAP request "VerifyCADES_withSignedReport" was successful
VerifyCADES_UNEP_withSignedReport.c(31): Notify: Transaction "VerifyCADES_withSignedReport" ended with a "Pass" status (Duration: 1.3009 Wasted Time: 0.0043).
Ending action VerifyCADES_UNEP_withSignedReport.
Ending iteration 3.
Warning: Iteration pacing cannot be reached (pace time = 0.40, actual time = 1.41).
Starting iteration 4.
Starting action VerifyXAdES_UNEP_withSignedReport.
VerifyXAdES_UNEP_withSignedReport.c(3): web_cache_cleanup started  	[MsgId: MMSG-26355]
VerifyXAdES_UNEP_withSignedReport.c(3): web_cache_cleanup was successful  	[MsgId: MMSG-26392]
VerifyXAdES_UNEP_withSignedReport.c(4): web_cleanup_auto_headers started  	[MsgId: MMSG-26355]
VerifyXAdES_UNEP_withSignedReport.c(4): web_cleanup_auto_headers was successful  	[MsgId: MMSG-26392]
VerifyXAdES_UNEP_withSignedReport.c(5): web_cleanup_cookies started  	[MsgId: MMSG-26355]
VerifyXAdES_UNEP_withSignedReport.c(5): web_cleanup_cookies was successful  	[MsgId: MMSG-26392]
VerifyXAdES_UNEP_withSignedReport.c(7): C:\LR_DATA_UNEP\300k/VerifyXAdES_withSignedReport_64.xml
VerifyXAdES_UNEP_withSignedReport.c(10): Use file: {VerifyXAdES_withSignedReport_file}
VerifyXAdES_UNEP_withSignedReport.c(14): Notify: Transaction "VerifyXAdES_withSignedReport" started.
VerifyXAdES_UNEP_withSignedReport.c(15): SOAP request "VerifyXAdES_withSignedReport" started
VerifyXAdES_UNEP_withSignedReport.c(15): SOAP request "VerifyXAdES_withSignedReport" was successful
VerifyXAdES_UNEP_withSignedReport.c(31): Notify: Transaction "VerifyXAdES_withSignedReport" ended with a "Pass" status (Duration: 0.9989 Wasted Time: 0.0056).
Ending action VerifyXAdES_UNEP_withSignedReport.
Ending iteration 4.
Warning: Iteration pacing cannot be reached (pace time = 0.40, actual time = 1.18).
Starting iteration 5.
Starting action VerifyXML_UNEP_simple.
VerifyXML_UNEP_simple.c(3): web_cache_cleanup started  	[MsgId: MMSG-26355]
VerifyXML_UNEP_simple.c(3): web_cache_cleanup was successful  	[MsgId: MMSG-26392]
VerifyXML_UNEP_simple.c(4): web_cleanup_auto_headers started  	[MsgId: MMSG-26355]
VerifyXML_UNEP_simple.c(4): web_cleanup_auto_headers was successful  	[MsgId: MMSG-26392]
VerifyXML_UNEP_simple.c(5): web_cleanup_cookies started  	[MsgId: MMSG-26355]
VerifyXML_UNEP_simple.c(5): web_cleanup_cookies was successful  	[MsgId: MMSG-26392]
VerifyXML_UNEP_simple.c(7): C:\LR_DATA_UNEP\300k/VerifyXML_simple_159.xml
VerifyXML_UNEP_simple.c(10): Use file: {VerifyXML_simple_file}
VerifyXML_UNEP_simple.c(14): Notify: Transaction "VerifyXML_simple" started.
VerifyXML_UNEP_simple.c(15): SOAP request "VerifyXML_simple" started
VerifyXML_UNEP_simple.c(15): SOAP request "VerifyXML_simple" was successful
VerifyXML_UNEP_simple.c(31): Notify: Transaction "VerifyXML_simple" ended with a "Pass" status (Duration: 0.1369 Wasted Time: 0.0052).
Ending action VerifyXML_UNEP_simple.
Ending iteration 5.
Waiting 0.1350 seconds for iteration pacing.
Starting iteration 6.
Starting action VerifyPAdES_UNEP_simple.
VerifyPAdES_UNEP_simple.c(3): web_cache_cleanup started  	[MsgId: MMSG-26355]
VerifyPAdES_UNEP_simple.c(3): web_cache_cleanup was successful  	[MsgId: MMSG-26392]
VerifyPAdES_UNEP_simple.c(4): web_cleanup_auto_headers started  	[MsgId: MMSG-26355]
VerifyPAdES_UNEP_simple.c(4): web_cleanup_auto_headers was successful  	[MsgId: MMSG-26392]
VerifyPAdES_UNEP_simple.c(5): web_cleanup_cookies started  	[MsgId: MMSG-26355]
VerifyPAdES_UNEP_simple.c(5): web_cleanup_cookies was successful  	[MsgId: MMSG-26392]
VerifyPAdES_UNEP_simple.c(7): C:\LR_DATA_UNEP\300k/VerifyPAdES_simple_7.xml
VerifyPAdES_UNEP_simple.c(10): Use file: {VerifyPAdES_simple_file}
VerifyPAdES_UNEP_simple.c(14): Notify: Transaction "VerifyPAdES_simple" started.
VerifyPAdES_UNEP_simple.c(15): SOAP request "VerifyPAdES_simple" started
VerifyPAdES_UNEP_simple.c(15): SOAP request "VerifyPAdES_simple" was successful
VerifyPAdES_UNEP_simple.c(31): Notify: Transaction "VerifyPAdES_simple" ended with a "Pass" status (Duration: 0.2979 Wasted Time: 0.0152).
Ending action VerifyPAdES_UNEP_simple.
Ending iteration 6.
Warning: Iteration pacing cannot be reached (pace time = 0.40, actual time = 0.47).
Starting iteration 7.
Starting action VerifyXAdES_UNEP_simple.
VerifyXAdES_UNEP_simple.c(3): web_cache_cleanup started  	[MsgId: MMSG-26355]
VerifyXAdES_UNEP_simple.c(3): web_cache_cleanup was successful  	[MsgId: MMSG-26392]
VerifyXAdES_UNEP_simple.c(4): web_cleanup_auto_headers started  	[MsgId: MMSG-26355]
VerifyXAdES_UNEP_simple.c(4): web_cleanup_auto_headers was successful  	[MsgId: MMSG-26392]
VerifyXAdES_UNEP_simple.c(5): web_cleanup_cookies started  	[MsgId: MMSG-26355]
VerifyXAdES_UNEP_simple.c(5): web_cleanup_cookies was successful  	[MsgId: MMSG-26392]
VerifyXAdES_UNEP_simple.c(7): C:\LR_DATA_UNEP\300k/VerifyXAdES_simple_89.xml
VerifyXAdES_UNEP_simple.c(10): Use file: {VerifyXAdES_simple_file}
VerifyXAdES_UNEP_simple.c(14): Notify: Transaction "VerifyXAdES_simple" started.
VerifyXAdES_UNEP_simple.c(15): SOAP request "VerifyXAdES_simple" started
VerifyXAdES_UNEP_simple.c(15): SOAP request "VerifyXAdES_simple" was successful
VerifyXAdES_UNEP_simple.c(31): Notify: Transaction "VerifyXAdES_simple" ended with a "Pass" status (Duration: 0.1767 Wasted Time: 0.0037).
Ending action VerifyXAdES_UNEP_simple.
Ending iteration 7.
Waiting 0.0970 seconds for iteration pacing.
Starting iteration 8.
Starting action VerifyCMSSignatureDetached_UNEP_simple.
VerifyCMSSignatureDetached_UNEP_simple.c(3): web_cache_cleanup started  	[MsgId: MMSG-26355]
VerifyCMSSignatureDetached_UNEP_simple.c(3): web_cache_cleanup was successful  	[MsgId: MMSG-26392]
VerifyCMSSignatureDetached_UNEP_simple.c(4): web_cleanup_auto_headers started  	[MsgId: MMSG-26355]
VerifyCMSSignatureDetached_UNEP_simple.c(4): web_cleanup_auto_headers was successful  	[MsgId: MMSG-26392]
VerifyCMSSignatureDetached_UNEP_simple.c(5): web_cleanup_cookies started  	[MsgId: MMSG-26355]
VerifyCMSSignatureDetached_UNEP_simple.c(5): web_cleanup_cookies was successful  	[MsgId: MMSG-26392]
VerifyCMSSignatureDetached_UNEP_simple.c(7): C:\LR_DATA_UNEP\300k/VerifyCMSSignatureDetached_simple_424.xml
VerifyCMSSignatureDetached_UNEP_simple.c(10): Use file: {VerifyCMSSignatureDetached_simple_file}
VerifyCMSSignatureDetached_UNEP_simple.c(14): Notify: Transaction "VerifyCMSSignatureDetached_simple" started.
VerifyCMSSignatureDetached_UNEP_simple.c(15): SOAP request "VerifyCMSSignatureDetached_simple" started
VerifyCMSSignatureDetached_UNEP_simple.c(15): SOAP request "VerifyCMSSignatureDetached_simple" was successful
VerifyCMSSignatureDetached_UNEP_simple.c(31): Notify: Transaction "VerifyCMSSignatureDetached_simple" ended with a "Pass" status (Duration: 0.1049 Wasted Time: 0.0032).
Ending action VerifyCMSSignatureDetached_UNEP_simple.
Ending iteration 8.
Waiting 0.1960 seconds for iteration pacing.
Starting iteration 9.
Starting action VerifyCADES_UNEP_withSignedReport.
VerifyCADES_UNEP_withSignedReport.c(3): web_cache_cleanup started  	[MsgId: MMSG-26355]
VerifyCADES_UNEP_withSignedReport.c(3): web_cache_cleanup was successful  	[MsgId: MMSG-26392]
VerifyCADES_UNEP_withSignedReport.c(4): web_cleanup_auto_headers started  	[MsgId: MMSG-26355]
VerifyCADES_UNEP_withSignedReport.c(4): web_cleanup_auto_headers was successful  	[MsgId: MMSG-26392]
VerifyCADES_UNEP_withSignedReport.c(5): web_cleanup_cookies started  	[MsgId: MMSG-26355]
VerifyCADES_UNEP_withSignedReport.c(5): web_cleanup_cookies was successful  	[MsgId: MMSG-26392]
VerifyCADES_UNEP_withSignedReport.c(7): C:\LR_DATA_UNEP\300k/VerifyCADES_withSignedReport_90.xml
VerifyCADES_UNEP_withSignedReport.c(10): Use file: {VerifyCADES_withSignedReport_file}
VerifyCADES_UNEP_withSignedReport.c(14): Notify: Transaction "VerifyCADES_withSignedReport" started.
VerifyCADES_UNEP_withSignedReport.c(15): SOAP request "VerifyCADES_withSignedReport" started
VerifyCADES_UNEP_withSignedReport.c(15): SOAP request "VerifyCADES_withSignedReport" was successful
VerifyCADES_UNEP_withSignedReport.c(31): Notify: Transaction "VerifyCADES_withSignedReport" ended with a "Pass" status (Duration: 0.8409 Wasted Time: 0.0042).
Ending action VerifyCADES_UNEP_withSignedReport.
Ending iteration 9.
Warning: Iteration pacing cannot be reached (pace time = 0.40, actual time = 0.96).
Starting iteration 10.
Starting action VerifyXML_UNEP_simple.
VerifyXML_UNEP_simple.c(3): web_cache_cleanup started  	[MsgId: MMSG-26355]
VerifyXML_UNEP_simple.c(3): web_cache_cleanup was successful  	[MsgId: MMSG-26392]
VerifyXML_UNEP_simple.c(4): web_cleanup_auto_headers started  	[MsgId: MMSG-26355]
VerifyXML_UNEP_simple.c(4): web_cleanup_auto_headers was successful  	[MsgId: MMSG-26392]
VerifyXML_UNEP_simple.c(5): web_cleanup_cookies started  	[MsgId: MMSG-26355]
VerifyXML_UNEP_simple.c(5): web_cleanup_cookies was successful  	[MsgId: MMSG-26392]
VerifyXML_UNEP_simple.c(7): C:\LR_DATA_UNEP\300k/VerifyXML_simple_102.xml
VerifyXML_UNEP_simple.c(10): Use file: {VerifyXML_simple_file}
VerifyXML_UNEP_simple.c(14): Notify: Transaction "VerifyXML_simple" started.
VerifyXML_UNEP_simple.c(15): SOAP request "VerifyXML_simple" started
VerifyXML_UNEP_simple.c(15): SOAP request "VerifyXML_simple" was successful
VerifyXML_UNEP_simple.c(31): Notify: Transaction "VerifyXML_simple" ended with a "Pass" status (Duration: 0.2148 Wasted Time: 0.0048).
Ending action VerifyXML_UNEP_simple.
Ending iteration 10.
Waiting 0.0740 seconds for iteration pacing.
Starting iteration 11.
Starting action VerifyCADES_UNEP_withSignedReport.
VerifyCADES_UNEP_withSignedReport.c(3): web_cache_cleanup started  	[MsgId: MMSG-26355]
VerifyCADES_UNEP_withSignedReport.c(3): web_cache_cleanup was successful  	[MsgId: MMSG-26392]
VerifyCADES_UNEP_withSignedReport.c(4): web_cleanup_auto_headers started  	[MsgId: MMSG-26355]
VerifyCADES_UNEP_withSignedReport.c(4): web_cleanup_auto_headers was successful  	[MsgId: MMSG-26392]
VerifyCADES_UNEP_withSignedReport.c(5): web_cleanup_cookies started  	[MsgId: MMSG-26355]
VerifyCADES_UNEP_withSignedReport.c(5): web_cleanup_cookies was successful  	[MsgId: MMSG-26392]
VerifyCADES_UNEP_withSignedReport.c(7): C:\LR_DATA_UNEP\300k/VerifyCADES_withSignedReport_40.xml
VerifyCADES_UNEP_withSignedReport.c(10): Use file: {VerifyCADES_withSignedReport_file}
VerifyCADES_UNEP_withSignedReport.c(14): Notify: Transaction "VerifyCADES_withSignedReport" started.
VerifyCADES_UNEP_withSignedReport.c(15): SOAP request "VerifyCADES_withSignedReport" started
VerifyCADES_UNEP_withSignedReport.c(15): SOAP request "VerifyCADES_withSignedReport" was successful
VerifyCADES_UNEP_withSignedReport.c(31): Notify: Transaction "VerifyCADES_withSignedReport" ended with a "Pass" status (Duration: 0.7799 Wasted Time: 0.0037).
Ending action VerifyCADES_UNEP_withSignedReport.
Ending iteration 11.
Warning: Iteration pacing cannot be reached (pace time = 0.40, actual time = 1.05).
Starting iteration 12.
Starting action VerifyCMSSignatureDetached_UNEP_withSignedReport.
VerifyCMSSignatureDetached_UNEP_withSignedReport.c(3): web_cache_cleanup started  	[MsgId: MMSG-26355]
VerifyCMSSignatureDetached_UNEP_withSignedReport.c(3): web_cache_cleanup was successful  	[MsgId: MMSG-26392]
VerifyCMSSignatureDetached_UNEP_withSignedReport.c(4): web_cleanup_auto_headers started  	[MsgId: MMSG-26355]
VerifyCMSSignatureDetached_UNEP_withSignedReport.c(4): web_cleanup_auto_headers was successful  	[MsgId: MMSG-26392]
VerifyCMSSignatureDetached_UNEP_withSignedReport.c(5): web_cleanup_cookies started  	[MsgId: MMSG-26355]
VerifyCMSSignatureDetached_UNEP_withSignedReport.c(5): web_cleanup_cookies was successful  	[MsgId: MMSG-26392]
VerifyCMSSignatureDetached_UNEP_withSignedReport.c(7): C:\LR_DATA_UNEP\300k/VerifyCMSSignatureDetached_withSignedReport_317.xml
VerifyCMSSignatureDetached_UNEP_withSignedReport.c(10): Use file: {VerifyCMSSignatureDetached_withSignedReport_file}
VerifyCMSSignatureDetached_UNEP_withSignedReport.c(14): Notify: Transaction "VerifyCMSSignatureDetached_withSignedReport" started.
VerifyCMSSignatureDetached_UNEP_withSignedReport.c(15): SOAP request "VerifyCMSSignatureDetached_withSignedReport" started
VerifyCMSSignatureDetached_UNEP_withSignedReport.c(15): SOAP request "VerifyCMSSignatureDetached_withSignedReport" was successful
VerifyCMSSignatureDetached_UNEP_withSignedReport.c(31): Notify: Transaction "VerifyCMSSignatureDetached_withSignedReport" ended with a "Pass" status (Duration: 0.8019 Wasted Time: 0.0052).
Ending action VerifyCMSSignatureDetached_UNEP_withSignedReport.
Ending iteration 12.
Warning: Iteration pacing cannot be reached (pace time = 0.40, actual time = 1.13).
Starting iteration 13.
Starting action VerifyCADES_UNEP_simple.
VerifyCADES_UNEP_simple.c(3): web_cache_cleanup started  	[MsgId: MMSG-26355]
VerifyCADES_UNEP_simple.c(3): web_cache_cleanup was successful  	[MsgId: MMSG-26392]
VerifyCADES_UNEP_simple.c(4): web_cleanup_auto_headers started  	[MsgId: MMSG-26355]
VerifyCADES_UNEP_simple.c(4): web_cleanup_auto_headers was successful  	[MsgId: MMSG-26392]
VerifyCADES_UNEP_simple.c(5): web_cleanup_cookies started  	[MsgId: MMSG-26355]
VerifyCADES_UNEP_simple.c(5): web_cleanup_cookies was successful  	[MsgId: MMSG-26392]
VerifyCADES_UNEP_simple.c(7): C:\LR_DATA_UNEP\300k/VerifyCADES_simple_48.xml
VerifyCADES_UNEP_simple.c(10): Use file: {VerifyCADES_simple_file}
VerifyCADES_UNEP_simple.c(14): Notify: Transaction "VerifyCADES_simple" started.
VerifyCADES_UNEP_simple.c(15): SOAP request "VerifyCADES_simple" started
VerifyCADES_UNEP_simple.c(15): SOAP request "VerifyCADES_simple" was successful
VerifyCADES_UNEP_simple.c(31): Notify: Transaction "VerifyCADES_simple" ended with a "Pass" status (Duration: 0.3666 Wasted Time: 0.0025).
Ending action VerifyCADES_UNEP_simple.
Ending iteration 13.
Warning: Iteration pacing cannot be reached (pace time = 0.40, actual time = 0.47).
Starting iteration 14.
Starting action VerifyXML_UNEP_simple.
VerifyXML_UNEP_simple.c(3): web_cache_cleanup started  	[MsgId: MMSG-26355]
VerifyXML_UNEP_simple.c(3): web_cache_cleanup was successful  	[MsgId: MMSG-26392]
VerifyXML_UNEP_simple.c(4): web_cleanup_auto_headers started  	[MsgId: MMSG-26355]
VerifyXML_UNEP_simple.c(4): web_cleanup_auto_headers was successful  	[MsgId: MMSG-26392]
VerifyXML_UNEP_simple.c(5): web_cleanup_cookies started  	[MsgId: MMSG-26355]
VerifyXML_UNEP_simple.c(5): web_cleanup_cookies was successful  	[MsgId: MMSG-26392]
VerifyXML_UNEP_simple.c(7): C:\LR_DATA_UNEP\300k/VerifyXML_simple_5.xml
VerifyXML_UNEP_simple.c(10): Use file: {VerifyXML_simple_file}
VerifyXML_UNEP_simple.c(14): Notify: Transaction "VerifyXML_simple" started.
VerifyXML_UNEP_simple.c(15): SOAP request "VerifyXML_simple" started
VerifyXML_UNEP_simple.c(15): SOAP request "VerifyXML_simple" was successful
VerifyXML_UNEP_simple.c(31): Notify: Transaction "VerifyXML_simple" ended with a "Pass" status (Duration: 0.1869 Wasted Time: 0.0054).
Ending action VerifyXML_UNEP_simple.
Ending iteration 14.
Ending Vuser...
Starting action vuser_end.
Ending action vuser_end.
Vuser Terminated.
Warning: Extension LrXml.dll reports error -1 on call to function ExtPerThreadTerminate
Warning: Vuser failed to terminate extension.
